2016-03-16 13:13:42,948:948.581933975 - ubuntu_sso.utils.translation - WARNING - Translations not found, using null translator.
2016-03-16 13:13:43,110:110.183000565 - ubuntu_sso.main - INFO - Setting up Ubuntu SSO service.
2016-03-16 13:13:43,184:184.49306488 - ubuntu_sso.main - INFO - Ubuntu SSO service started.
2016-03-16 13:13:43,184:184.735059738 - ubuntu_sso.account - INFO - Creating a new SSO access layer for service url u'https://login.ubuntu.com/api/1.0/'
2016-03-16 13:13:43,202:202.23402977 - ubuntu_sso.credentials - INFO - find_credentials: self.app_name dbus.String(u'Ubuntu Software Center'), result is {}? True
2016-03-16 13:13:43,202:202.57806778 - ubuntu_sso.main - INFO - 'CredentialsManagement': emitting 'CredentialsNotFound' with args (dbus.String(u'Ubuntu Software Center'),) and kwargs {}
2016-03-16 13:13:53,207:207.993030548 - ubuntu_sso.main - INFO - Shutting down, calling <function shutdown_func at 0xb63c3064>.
2016-03-16 13:18:43,794:794.522047043 - ubuntu_sso.utils.translation - WARNING - Translations not found, using null translator.
2016-03-16 13:18:43,820:820.949077606 - ubuntu_sso.main - INFO - Setting up Ubuntu SSO service.
2016-03-16 13:18:43,840:840.560913086 - ubuntu_sso.main - INFO - Ubuntu SSO service started.
2016-03-16 13:18:43,840:840.688943863 - ubuntu_sso.account - INFO - Creating a new SSO access layer for service url u'https://login.ubuntu.com/api/1.0/'
2016-03-16 13:18:43,849:849.909067154 - ubuntu_sso.credentials - INFO - find_credentials: self.app_name dbus.String(u'Ubuntu Software Center'), result is {}? True
2016-03-16 13:18:43,850:850.086927414 - ubuntu_sso.main - INFO - 'CredentialsManagement': emitting 'CredentialsNotFound' with args (dbus.String(u'Ubuntu Software Center'),) and kwargs {}
2016-03-16 13:18:53,858:858.839035034 - ubuntu_sso.main - INFO - Shutting down, calling <function shutdown_func at 0xb637e064>.
2016-03-16 13:28:42,678:678.246974945 - ubuntu_sso.utils.translation - WARNING - Translations not found, using null translator.
2016-03-16 13:28:42,729:729.150056839 - ubuntu_sso.main - INFO - Setting up Ubuntu SSO service.
2016-03-16 13:28:42,766:766.982078552 - ubuntu_sso.main - INFO - Ubuntu SSO service started.
2016-03-16 13:28:42,767:767.101049423 - ubuntu_sso.account - INFO - Creating a new SSO access layer for service url u'https://login.ubuntu.com/api/1.0/'
2016-03-16 13:28:42,770:770.798921585 - ubuntu_sso.credentials - INFO - find_credentials: self.app_name dbus.String(u'Ubuntu Software Center'), result is {}? True
2016-03-16 13:28:42,770:770.909070969 - ubuntu_sso.main - INFO - 'CredentialsManagement': emitting 'CredentialsNotFound' with args (dbus.String(u'Ubuntu Software Center'),) and kwargs {}
2016-03-16 13:28:52,780:780.987977982 - ubuntu_sso.main - INFO - Shutting down, calling <function shutdown_func at 0xb62e8064>.
2016-03-16 13:33:43,607:607.418060303 - ubuntu_sso.utils.translation - WARNING - Translations not found, using null translator.
2016-03-16 13:33:43,620:620.132923126 - ubuntu_sso.main - INFO - Setting up Ubuntu SSO service.
2016-03-16 13:33:43,626:626.796007156 - ubuntu_sso.main - INFO - Ubuntu SSO service started.
2016-03-16 13:33:43,626:626.904010773 - ubuntu_sso.account - INFO - Creating a new SSO access layer for service url u'https://login.ubuntu.com/api/1.0/'
2016-03-16 13:33:43,630:630.768060684 - ubuntu_sso.credentials - INFO - find_credentials: self.app_name dbus.String(u'Ubuntu Software Center'), result is {}? True
2016-03-16 13:33:43,630:630.880117416 - ubuntu_sso.main - INFO - 'CredentialsManagement': emitting 'CredentialsNotFound' with args (dbus.String(u'Ubuntu Software Center'),) and kwargs {}
2016-03-16 13:33:53,641:641.371965408 - ubuntu_sso.main - INFO - Shutting down, calling <function shutdown_func at 0xb6386064>.
2016-03-16 13:49:08,801:801.033973694 - ubuntu_sso.utils.translation - WARNING - Translations not found, using null translator.
2016-03-16 13:49:08,812:812.617063522 - ubuntu_sso.main - INFO - Setting up Ubuntu SSO service.
2016-03-16 13:49:08,817:817.03710556 - ubuntu_sso.main - INFO - Ubuntu SSO service started.
2016-03-16 13:49:08,817:817.126989365 - ubuntu_sso.account - INFO - Creating a new SSO access layer for service url u'https://login.ubuntu.com/api/1.0/'
2016-03-16 13:49:08,825:825.400114059 - ubuntu_sso.credentials - INFO - find_credentials: self.app_name dbus.String(u'Ubuntu One'), result is {}? True
2016-03-16 13:49:08,825:825.524091721 - ubuntu_sso.main - INFO - 'CredentialsManagement': emitting 'CredentialsNotFound' with args (dbus.String(u'Ubuntu One'),) and kwargs {}
2016-03-16 13:49:15,031:31.7680835724 - ubuntu_sso.credentials - INFO - find_credentials: self.app_name dbus.String(u'Ubuntu One'), result is {}? True
2016-03-16 13:49:15,031:31.8930149078 - ubuntu_sso.main - INFO - 'CredentialsManagement': emitting 'CredentialsNotFound' with args (dbus.String(u'Ubuntu One'),) and kwargs {}
2016-03-16 13:49:18,826:826.915025711 - ubuntu_sso.main - INFO - Shutting down, calling <function shutdown_func at 0xb6331064>.
2016-03-28 13:16:26,667:667.021989822 - ubuntu_sso.utils.translation - WARNING - Translations not found, using null translator.
2016-03-28 13:16:27,140:140.237092972 - ubuntu_sso.main - INFO - Setting up Ubuntu SSO service.
2016-03-28 13:16:27,828:828.689098358 - ubuntu_sso.main - INFO - Ubuntu SSO service started.
2016-03-28 13:16:27,828:828.922986984 - ubuntu_sso.account - INFO - Creating a new SSO access layer for service url u'https://login.ubuntu.com/api/1.0/'
2016-03-28 13:16:27,860:860.104084015 - ubuntu_sso.credentials - INFO - find_credentials: self.app_name dbus.String(u'Ubuntu Software Center'), result is {}? True
2016-03-28 13:16:27,860:860.321044922 - ubuntu_sso.main - INFO - 'CredentialsManagement': emitting 'CredentialsNotFound' with args (dbus.String(u'Ubuntu Software Center'),) and kwargs {}
2016-03-28 13:16:37,930:930.672883987 - ubuntu_sso.main - INFO - Shutting down, calling <function shutdown_func at 0xb62cb09c>.
2016-03-28 13:21:27,952:952.516078949 - ubuntu_sso.utils.translation - WARNING - Translations not found, using null translator.
2016-03-28 13:21:27,963:963.711023331 - ubuntu_sso.main - INFO - Setting up Ubuntu SSO service.
2016-03-28 13:21:27,969:969.708919525 - ubuntu_sso.main - INFO - Ubuntu SSO service started.
2016-03-28 13:21:27,969:969.799041748 - ubuntu_sso.account - INFO - Creating a new SSO access layer for service url u'https://login.ubuntu.com/api/1.0/'
2016-03-28 13:21:27,973:973.326921463 - ubuntu_sso.credentials - INFO - find_credentials: self.app_name dbus.String(u'Ubuntu Software Center'), result is {}? True
2016-03-28 13:21:27,973:973.436117172 - ubuntu_sso.main - INFO - 'CredentialsManagement': emitting 'CredentialsNotFound' with args (dbus.String(u'Ubuntu Software Center'),) and kwargs {}
2016-03-28 13:21:37,982:982.311964035 - ubuntu_sso.main - INFO - Shutting down, calling <function shutdown_func at 0xb62c909c>.
2016-03-30 13:09:01,689:689.507007599 - ubuntu_sso.utils.translation - WARNING - Translations not found, using null translator.
2016-03-30 13:09:01,820:820.380926132 - ubuntu_sso.main - INFO - Setting up Ubuntu SSO service.
2016-03-30 13:09:01,890:890.033006668 - ubuntu_sso.main - INFO - Ubuntu SSO service started.
2016-03-30 13:09:01,890:890.253067017 - ubuntu_sso.account - INFO - Creating a new SSO access layer for service url u'https://login.ubuntu.com/api/1.0/'
2016-03-30 13:09:01,902:902.822971344 - ubuntu_sso.credentials - INFO - find_credentials: self.app_name dbus.String(u'Ubuntu Software Center'), result is {}? True
2016-03-30 13:09:01,903:903.086900711 - ubuntu_sso.main - INFO - 'CredentialsManagement': emitting 'CredentialsNotFound' with args (dbus.String(u'Ubuntu Software Center'),) and kwargs {}
2016-03-30 13:09:11,916:916.627883911 - ubuntu_sso.main - INFO - Shutting down, calling <function shutdown_func at 0xb637709c>.
2016-03-30 13:14:02,447:447.019100189 - ubuntu_sso.utils.translation - WARNING - Translations not found, using null translator.
2016-03-30 13:14:02,458:458.30988884 - ubuntu_sso.main - INFO - Setting up Ubuntu SSO service.
2016-03-30 13:14:02,464:464.380979538 - ubuntu_sso.main - INFO - Ubuntu SSO service started.
2016-03-30 13:14:02,464:464.481115341 - ubuntu_sso.account - INFO - Creating a new SSO access layer for service url u'https://login.ubuntu.com/api/1.0/'
2016-03-30 13:14:02,468:468.055009842 - ubuntu_sso.credentials - INFO - find_credentials: self.app_name dbus.String(u'Ubuntu Software Center'), result is {}? True
2016-03-30 13:14:02,468:468.163013458 - ubuntu_sso.main - INFO - 'CredentialsManagement': emitting 'CredentialsNotFound' with args (dbus.String(u'Ubuntu Software Center'),) and kwargs {}
2016-03-30 13:14:12,478:478.463888168 - ubuntu_sso.main - INFO - Shutting down, calling <function shutdown_func at 0xb634c09c>.
2016-04-04 13:07:28,374:374.205112457 - ubuntu_sso.utils.translation - WARNING - Translations not found, using null translator.
2016-04-04 13:07:28,510:510.118961334 - ubuntu_sso.main - INFO - Setting up Ubuntu SSO service.
2016-04-04 13:07:28,622:622.744083405 - ubuntu_sso.main - INFO - Ubuntu SSO service started.
2016-04-04 13:07:28,623:623.008012772 - ubuntu_sso.account - INFO - Creating a new SSO access layer for service url u'https://login.ubuntu.com/api/1.0/'
2016-04-04 13:07:28,638:638.402938843 - ubuntu_sso.credentials - INFO - find_credentials: self.app_name dbus.String(u'Ubuntu Software Center'), result is {}? True
2016-04-04 13:07:28,638:638.524055481 - ubuntu_sso.main - INFO - 'CredentialsManagement': emitting 'CredentialsNotFound' with args (dbus.String(u'Ubuntu Software Center'),) and kwargs {}
2016-04-04 13:07:38,651:651.328086853 - ubuntu_sso.main - INFO - Shutting down, calling <function shutdown_func at 0xb62ca09c>.
2016-04-04 13:12:28,899:899.697065353 - ubuntu_sso.utils.translation - WARNING - Translations not found, using null translator.
2016-04-04 13:12:28,912:912.369012833 - ubuntu_sso.main - INFO - Setting up Ubuntu SSO service.
2016-04-04 13:12:28,918:918.792963028 - ubuntu_sso.main - INFO - Ubuntu SSO service started.
2016-04-04 13:12:28,918:918.916940689 - ubuntu_sso.account - INFO - Creating a new SSO access layer for service url u'https://login.ubuntu.com/api/1.0/'
2016-04-04 13:12:28,922:922.612905502 - ubuntu_sso.credentials - INFO - find_credentials: self.app_name dbus.String(u'Ubuntu Software Center'), result is {}? True
2016-04-04 13:12:28,922:922.723054886 - ubuntu_sso.main - INFO - 'CredentialsManagement': emitting 'CredentialsNotFound' with args (dbus.String(u'Ubuntu Software Center'),) and kwargs {}
2016-04-04 13:12:38,924:924.568891525 - ubuntu_sso.main - INFO - Shutting down, calling <function shutdown_func at 0xb636509c>.
2016-04-08 13:15:09,256:256.833076477 - ubuntu_sso.utils.translation - WARNING - Translations not found, using null translator.
2016-04-08 13:15:09,393:393.769979477 - ubuntu_sso.main - INFO - Setting up Ubuntu SSO service.
2016-04-08 13:15:09,465:465.33203125 - ubuntu_sso.main - INFO - Ubuntu SSO service started.
2016-04-08 13:15:09,465:465.558052063 - ubuntu_sso.account - INFO - Creating a new SSO access layer for service url u'https://login.ubuntu.com/api/1.0/'
2016-04-08 13:15:09,476:476.928949356 - ubuntu_sso.credentials - INFO - find_credentials: self.app_name dbus.String(u'Ubuntu Software Center'), result is {}? True
2016-04-08 13:15:09,477:477.289915085 - ubuntu_sso.main - INFO - 'CredentialsManagement': emitting 'CredentialsNotFound' with args (dbus.String(u'Ubuntu Software Center'),) and kwargs {}
2016-04-08 13:15:19,490:490.984916687 - ubuntu_sso.main - INFO - Shutting down, calling <function shutdown_func at 0xb6365064>.
2016-04-08 13:20:10,015:15.2530670166 - ubuntu_sso.utils.translation - WARNING - Translations not found, using null translator.
2016-04-08 13:20:10,026:26.1399745941 - ubuntu_sso.main - INFO - Setting up Ubuntu SSO service.
2016-04-08 13:20:10,032:32.2620868683 - ubuntu_sso.main - INFO - Ubuntu SSO service started.
2016-04-08 13:20:10,032:32.3650836945 - ubuntu_sso.account - INFO - Creating a new SSO access layer for service url u'https://login.ubuntu.com/api/1.0/'
2016-04-08 13:20:10,035:35.9809398651 - ubuntu_sso.credentials - INFO - find_credentials: self.app_name dbus.String(u'Ubuntu Software Center'), result is {}? True
2016-04-08 13:20:10,036:36.0939502716 - ubuntu_sso.main - INFO - 'CredentialsManagement': emitting 'CredentialsNotFound' with args (dbus.String(u'Ubuntu Software Center'),) and kwargs {}
2016-04-08 13:20:20,046:46.5579032898 - ubuntu_sso.main - INFO - Shutting down, calling <function shutdown_func at 0xb6300064>.
2016-04-13 13:14:09,673:673.774957657 - ubuntu_sso.utils.translation - WARNING - Translations not found, using null translator.
2016-04-13 13:14:09,818:818.131923676 - ubuntu_sso.main - INFO - Setting up Ubuntu SSO service.
2016-04-13 13:14:09,948:948.344945908 - ubuntu_sso.main - INFO - Ubuntu SSO service started.
2016-04-13 13:14:09,948:948.573112488 - ubuntu_sso.account - INFO - Creating a new SSO access layer for service url u'https://login.ubuntu.com/api/1.0/'
2016-04-13 13:14:09,960:960.501909256 - ubuntu_sso.credentials - INFO - find_credentials: self.app_name dbus.String(u'Ubuntu Software Center'), result is {}? True
2016-04-13 13:14:09,960:960.758924484 - ubuntu_sso.main - INFO - 'CredentialsManagement': emitting 'CredentialsNotFound' with args (dbus.String(u'Ubuntu Software Center'),) and kwargs {}
2016-04-13 13:14:19,974:974.260091782 - ubuntu_sso.main - INFO - Shutting down, calling <function shutdown_func at 0xb638b09c>.
2016-04-13 13:19:10,507:507.241010666 - ubuntu_sso.utils.translation - WARNING - Translations not found, using null translator.
2016-04-13 13:19:10,518:518.130064011 - ubuntu_sso.main - INFO - Setting up Ubuntu SSO service.
2016-04-13 13:19:10,523:523.675918579 - ubuntu_sso.main - INFO - Ubuntu SSO service started.
2016-04-13 13:19:10,523:523.763895035 - ubuntu_sso.account - INFO - Creating a new SSO access layer for service url u'https://login.ubuntu.com/api/1.0/'
2016-04-13 13:19:10,527:527.206897736 - ubuntu_sso.credentials - INFO - find_credentials: self.app_name dbus.String(u'Ubuntu Software Center'), result is {}? True
2016-04-13 13:19:10,527:527.319908142 - ubuntu_sso.main - INFO - 'CredentialsManagement': emitting 'CredentialsNotFound' with args (dbus.String(u'Ubuntu Software Center'),) and kwargs {}
2016-04-13 13:19:20,537:537.837982178 - ubuntu_sso.main - INFO - Shutting down, calling <function shutdown_func at 0xb639009c>.
2016-04-15 13:14:30,572:572.751045227 - ubuntu_sso.utils.translation - WARNING - Translations not found, using null translator.
2016-04-15 13:14:30,708:708.784103394 - ubuntu_sso.main - INFO - Setting up Ubuntu SSO service.
2016-04-15 13:14:30,775:775.177955627 - ubuntu_sso.main - INFO - Ubuntu SSO service started.
2016-04-15 13:14:30,775:775.286912918 - ubuntu_sso.account - INFO - Creating a new SSO access layer for service url u'https://login.ubuntu.com/api/1.0/'
2016-04-15 13:14:30,780:780.587911606 - ubuntu_sso.credentials - INFO - find_credentials: self.app_name dbus.String(u'Ubuntu Software Center'), result is {}? True
2016-04-15 13:14:30,780:780.738115311 - ubuntu_sso.main - INFO - 'CredentialsManagement': emitting 'CredentialsNotFound' with args (dbus.String(u'Ubuntu Software Center'),) and kwargs {}
2016-04-15 13:14:40,791:791.114091873 - ubuntu_sso.main - INFO - Shutting down, calling <function shutdown_func at 0xb639b064>.
2016-04-15 13:19:31,388:388.179063797 - ubuntu_sso.utils.translation - WARNING - Translations not found, using null translator.
2016-04-15 13:19:31,399:399.966955185 - ubuntu_sso.main - INFO - Setting up Ubuntu SSO service.
2016-04-15 13:19:31,406:406.294107437 - ubuntu_sso.main - INFO - Ubuntu SSO service started.
2016-04-15 13:19:31,406:406.384944916 - ubuntu_sso.account - INFO - Creating a new SSO access layer for service url u'https://login.ubuntu.com/api/1.0/'
2016-04-15 13:19:31,409:409.962892532 - ubuntu_sso.credentials - INFO - find_credentials: self.app_name dbus.String(u'Ubuntu Software Center'), result is {}? True
2016-04-15 13:19:31,410:410.11095047 - ubuntu_sso.main - INFO - 'CredentialsManagement': emitting 'CredentialsNotFound' with args (dbus.String(u'Ubuntu Software Center'),) and kwargs {}
2016-04-15 13:19:41,420:420.64499855 - ubuntu_sso.main - INFO - Shutting down, calling <function shutdown_func at 0xb6369064>.
2016-04-18 12:52:16,574:574.182033539 - ubuntu_sso.utils.translation - WARNING - Translations not found, using null translator.
2016-04-18 12:52:16,713:713.403940201 - ubuntu_sso.main - INFO - Setting up Ubuntu SSO service.
2016-04-18 12:52:16,833:833.080053329 - ubuntu_sso.main - INFO - Ubuntu SSO service started.
2016-04-18 12:52:16,833:833.337068558 - ubuntu_sso.account - INFO - Creating a new SSO access layer for service url u'https://login.ubuntu.com/api/1.0/'
2016-04-18 12:52:16,845:845.170021057 - ubuntu_sso.credentials - INFO - find_credentials: self.app_name dbus.String(u'Ubuntu Software Center'), result is {}? True
2016-04-18 12:52:16,845:845.488071442 - ubuntu_sso.main - INFO - 'CredentialsManagement': emitting 'CredentialsNotFound' with args (dbus.String(u'Ubuntu Software Center'),) and kwargs {}
2016-04-18 12:52:26,858:858.325004578 - ubuntu_sso.main - INFO - Shutting down, calling <function shutdown_func at 0xb631f064>.
2016-04-18 12:57:17,325:325.489997864 - ubuntu_sso.utils.translation - WARNING - Translations not found, using null translator.
2016-04-18 12:57:17,336:336.512088776 - ubuntu_sso.main - INFO - Setting up Ubuntu SSO service.
2016-04-18 12:57:17,341:341.772079468 - ubuntu_sso.main - INFO - Ubuntu SSO service started.
2016-04-18 12:57:17,341:341.860055923 - ubuntu_sso.account - INFO - Creating a new SSO access layer for service url u'https://login.ubuntu.com/api/1.0/'
2016-04-18 12:57:17,345:345.381975174 - ubuntu_sso.credentials - INFO - find_credentials: self.app_name dbus.String(u'Ubuntu Software Center'), result is {}? True
2016-04-18 12:57:17,345:345.490932465 - ubuntu_sso.main - INFO - 'CredentialsManagement': emitting 'CredentialsNotFound' with args (dbus.String(u'Ubuntu Software Center'),) and kwargs {}
2016-04-18 12:57:27,356:356.017112732 - ubuntu_sso.main - INFO - Shutting down, calling <function shutdown_func at 0xb62f6064>.
2016-04-18 13:13:19,352:352.178096771 - ubuntu_sso.utils.translation - WARNING - Translations not found, using null translator.
2016-04-18 13:13:19,364:364.181041718 - ubuntu_sso.main - INFO - Setting up Ubuntu SSO service.
2016-04-18 13:13:19,370:370.955944061 - ubuntu_sso.main - INFO - Ubuntu SSO service started.
2016-04-18 13:13:19,371:371.057033539 - ubuntu_sso.account - INFO - Creating a new SSO access layer for service url u'https://login.ubuntu.com/api/1.0/'
2016-04-18 13:13:19,374:374.8960495 - ubuntu_sso.credentials - INFO - find_credentials: self.app_name dbus.String(u'Ubuntu Software Center'), result is {}? True
2016-04-18 13:13:19,375:375.00500679 - ubuntu_sso.main - INFO - 'CredentialsManagement': emitting 'CredentialsNotFound' with args (dbus.String(u'Ubuntu Software Center'),) and kwargs {}
2016-04-18 13:13:29,384:384.990930557 - ubuntu_sso.main - INFO - Shutting down, calling <function shutdown_func at 0xb62e2064>.
2016-04-18 13:18:19,346:346.919059753 - ubuntu_sso.utils.translation - WARNING - Translations not found, using null translator.
2016-04-18 13:18:19,359:359.392881393 - ubuntu_sso.main - INFO - Setting up Ubuntu SSO service.
2016-04-18 13:18:19,366:366.66893959 - ubuntu_sso.main - INFO - Ubuntu SSO service started.
2016-04-18 13:18:19,366:366.776943207 - ubuntu_sso.account - INFO - Creating a new SSO access layer for service url u'https://login.ubuntu.com/api/1.0/'
2016-04-18 13:18:19,370:370.899915695 - ubuntu_sso.credentials - INFO - find_credentials: self.app_name dbus.String(u'Ubuntu Software Center'), result is {}? True
2016-04-18 13:18:19,371:371.023893356 - ubuntu_sso.main - INFO - 'CredentialsManagement': emitting 'CredentialsNotFound' with args (dbus.String(u'Ubuntu Software Center'),) and kwargs {}
2016-04-18 13:18:29,376:376.409053802 - ubuntu_sso.main - INFO - Shutting down, calling <function shutdown_func at 0xb630a064>.
2016-04-18 13:31:15,341:341.255903244 - ubuntu_sso.utils.translation - WARNING - Translations not found, using null translator.
2016-04-18 13:31:15,353:353.208065033 - ubuntu_sso.main - INFO - Setting up Ubuntu SSO service.
2016-04-18 13:31:15,359:359.76600647 - ubuntu_sso.main - INFO - Ubuntu SSO service started.
2016-04-18 13:31:15,359:359.900951385 - ubuntu_sso.account - INFO - Creating a new SSO access layer for service url u'https://login.ubuntu.com/api/1.0/'
2016-04-18 13:31:15,363:363.59500885 - ubuntu_sso.credentials - INFO - find_credentials: self.app_name dbus.String(u'Ubuntu Software Center'), result is {}? True
2016-04-18 13:31:15,363:363.701105118 - ubuntu_sso.main - INFO - 'CredentialsManagement': emitting 'CredentialsNotFound' with args (dbus.String(u'Ubuntu Software Center'),) and kwargs {}
2016-04-18 13:31:25,368:368.252038956 - ubuntu_sso.main - INFO - Shutting down, calling <function shutdown_func at 0xb6306064>.
2016-04-18 13:36:15,335:335.58011055 - ubuntu_sso.utils.translation - WARNING - Translations not found, using null translator.
2016-04-18 13:36:15,347:347.098112106 - ubuntu_sso.main - INFO - Setting up Ubuntu SSO service.
2016-04-18 13:36:15,353:353.488922119 - ubuntu_sso.main - INFO - Ubuntu SSO service started.
2016-04-18 13:36:15,353:353.580951691 - ubuntu_sso.account - INFO - Creating a new SSO access layer for service url u'https://login.ubuntu.com/api/1.0/'
2016-04-18 13:36:15,357:357.117891312 - ubuntu_sso.credentials - INFO - find_credentials: self.app_name dbus.String(u'Ubuntu Software Center'), result is {}? True
2016-04-18 13:36:15,357:357.22899437 - ubuntu_sso.main - INFO - 'CredentialsManagement': emitting 'CredentialsNotFound' with args (dbus.String(u'Ubuntu Software Center'),) and kwargs {}
2016-04-18 13:36:25,366:366.893053055 - ubuntu_sso.main - INFO - Shutting down, calling <function shutdown_func at 0xb62d9064>.
2016-04-20 12:48:16,891:891.858100891 - ubuntu_sso.utils.translation - WARNING - Translations not found, using null translator.
2016-04-20 12:48:17,020:20.5600261688 - ubuntu_sso.main - INFO - Setting up Ubuntu SSO service.
2016-04-20 12:48:17,101:101.099014282 - ubuntu_sso.main - INFO - Ubuntu SSO service started.
2016-04-20 12:48:17,101:101.33099556 - ubuntu_sso.account - INFO - Creating a new SSO access layer for service url u'https://login.ubuntu.com/api/1.0/'
2016-04-20 12:48:17,112:112.201929092 - ubuntu_sso.credentials - INFO - find_credentials: self.app_name dbus.String(u'Ubuntu Software Center'), result is {}? True
2016-04-20 12:48:17,112:112.370014191 - ubuntu_sso.main - INFO - 'CredentialsManagement': emitting 'CredentialsNotFound' with args (dbus.String(u'Ubuntu Software Center'),) and kwargs {}
2016-04-20 12:48:27,125:125.227928162 - ubuntu_sso.main - INFO - Shutting down, calling <function shutdown_func at 0xb638a09c>.
2016-04-20 12:53:17,645:645.766973495 - ubuntu_sso.utils.translation - WARNING - Translations not found, using null translator.
2016-04-20 12:53:17,657:657.237052917 - ubuntu_sso.main - INFO - Setting up Ubuntu SSO service.
2016-04-20 12:53:17,663:663.321971893 - ubuntu_sso.main - INFO - Ubuntu SSO service started.
2016-04-20 12:53:17,663:663.414955139 - ubuntu_sso.account - INFO - Creating a new SSO access layer for service url u'https://login.ubuntu.com/api/1.0/'
2016-04-20 12:53:17,666:666.969060898 - ubuntu_sso.credentials - INFO - find_credentials: self.app_name dbus.String(u'Ubuntu Software Center'), result is {}? True
2016-04-20 12:53:17,667:667.077064514 - ubuntu_sso.main - INFO - 'CredentialsManagement': emitting 'CredentialsNotFound' with args (dbus.String(u'Ubuntu Software Center'),) and kwargs {}
2016-04-20 12:53:27,675:675.16708374 - ubuntu_sso.main - INFO - Shutting down, calling <function shutdown_func at 0xb62cb09c>.
2016-04-20 13:18:21,646:646.572113037 - ubuntu_sso.utils.translation - WARNING - Translations not found, using null translator.
2016-04-20 13:18:21,658:658.560991287 - ubuntu_sso.main - INFO - Setting up Ubuntu SSO service.
2016-04-20 13:18:21,665:665.663957596 - ubuntu_sso.main - INFO - Ubuntu SSO service started.
2016-04-20 13:18:21,665:665.760040283 - ubuntu_sso.account - INFO - Creating a new SSO access layer for service url u'https://login.ubuntu.com/api/1.0/'
2016-04-20 13:18:21,669:669.403076172 - ubuntu_sso.credentials - INFO - find_credentials: self.app_name dbus.String(u'Ubuntu Software Center'), result is {}? True
2016-04-20 13:18:21,669:669.519901276 - ubuntu_sso.main - INFO - 'CredentialsManagement': emitting 'CredentialsNotFound' with args (dbus.String(u'Ubuntu Software Center'),) and kwargs {}
2016-04-20 13:18:31,680:680.17911911 - ubuntu_sso.main - INFO - Shutting down, calling <function shutdown_func at 0xb63ac09c>.
2016-04-20 13:23:21,640:640.886068344 - ubuntu_sso.utils.translation - WARNING - Translations not found, using null translator.
2016-04-20 13:23:21,652:652.16088295 - ubuntu_sso.main - INFO - Setting up Ubuntu SSO service.
2016-04-20 13:23:21,657:657.715082169 - ubuntu_sso.main - INFO - Ubuntu SSO service started.
2016-04-20 13:23:21,657:657.824039459 - ubuntu_sso.account - INFO - Creating a new SSO access layer for service url u'https://login.ubuntu.com/api/1.0/'
2016-04-20 13:23:21,661:661.247968674 - ubuntu_sso.credentials - INFO - find_credentials: self.app_name dbus.String(u'Ubuntu Software Center'), result is {}? True
2016-04-20 13:23:21,661:661.354064941 - ubuntu_sso.main - INFO - 'CredentialsManagement': emitting 'CredentialsNotFound' with args (dbus.String(u'Ubuntu Software Center'),) and kwargs {}
2016-04-20 13:23:31,671:671.116113663 - ubuntu_sso.main - INFO - Shutting down, calling <function shutdown_func at 0xb62fb09c>.
2016-04-25 13:01:10,433:433.219909668 - ubuntu_sso.utils.translation - WARNING - Translations not found, using null translator.
2016-04-25 13:01:10,568:568.236112595 - ubuntu_sso.main - INFO - Setting up Ubuntu SSO service.
2016-04-25 13:01:10,660:660.783052444 - ubuntu_sso.main - INFO - Ubuntu SSO service started.
2016-04-25 13:01:10,661:661.005020142 - ubuntu_sso.account - INFO - Creating a new SSO access layer for service url u'https://login.ubuntu.com/api/1.0/'
2016-04-25 13:01:10,674:674.283027649 - ubuntu_sso.credentials - INFO - find_credentials: self.app_name dbus.String(u'Ubuntu Software Center'), result is {}? True
2016-04-25 13:01:10,674:674.634933472 - ubuntu_sso.main - INFO - 'CredentialsManagement': emitting 'CredentialsNotFound' with args (dbus.String(u'Ubuntu Software Center'),) and kwargs {}
2016-04-25 13:01:20,687:687.982082367 - ubuntu_sso.main - INFO - Shutting down, calling <function shutdown_func at 0xb631009c>.
2016-04-25 13:06:11,164:164.201021194 - ubuntu_sso.utils.translation - WARNING - Translations not found, using null translator.
2016-04-25 13:06:11,175:175.590991974 - ubuntu_sso.main - INFO - Setting up Ubuntu SSO service.
2016-04-25 13:06:11,181:181.765079498 - ubuntu_sso.main - INFO - Ubuntu SSO service started.
2016-04-25 13:06:11,181:181.85210228 - ubuntu_sso.account - INFO - Creating a new SSO access layer for service url u'https://login.ubuntu.com/api/1.0/'
2016-04-25 13:06:11,185:185.369968414 - ubuntu_sso.credentials - INFO - find_credentials: self.app_name dbus.String(u'Ubuntu Software Center'), result is {}? True
2016-04-25 13:06:11,185:185.475111008 - ubuntu_sso.main - INFO - 'CredentialsManagement': emitting 'CredentialsNotFound' with args (dbus.String(u'Ubuntu Software Center'),) and kwargs {}
2016-04-25 13:06:21,195:195.328950882 - ubuntu_sso.main - INFO - Shutting down, calling <function shutdown_func at 0xb637709c>.
2016-04-25 13:31:10,174:174.983024597 - ubuntu_sso.utils.translation - WARNING - Translations not found, using null translator.
2016-04-25 13:31:10,186:186.908006668 - ubuntu_sso.main - INFO - Setting up Ubuntu SSO service.
2016-04-25 13:31:10,192:192.775964737 - ubuntu_sso.main - INFO - Ubuntu SSO service started.
2016-04-25 13:31:10,192:192.867040634 - ubuntu_sso.account - INFO - Creating a new SSO access layer for service url u'https://login.ubuntu.com/api/1.0/'
2016-04-25 13:31:10,196:196.620941162 - ubuntu_sso.credentials - INFO - find_credentials: self.app_name dbus.String(u'Ubuntu Software Center'), result is {}? True
2016-04-25 13:31:10,196:196.72703743 - ubuntu_sso.main - INFO - 'CredentialsManagement': emitting 'CredentialsNotFound' with args (dbus.String(u'Ubuntu Software Center'),) and kwargs {}
2016-04-25 13:31:20,206:206.970930099 - ubuntu_sso.main - INFO - Shutting down, calling <function shutdown_func at 0xb63bf09c>.
2016-04-25 13:36:10,157:157.275915146 - ubuntu_sso.utils.translation - WARNING - Translations not found, using null translator.
2016-04-25 13:36:10,168:168.471097946 - ubuntu_sso.main - INFO - Setting up Ubuntu SSO service.
2016-04-25 13:36:10,174:174.385070801 - ubuntu_sso.main - INFO - Ubuntu SSO service started.
2016-04-25 13:36:10,174:174.474954605 - ubuntu_sso.account - INFO - Creating a new SSO access layer for service url u'https://login.ubuntu.com/api/1.0/'
2016-04-25 13:36:10,178:178.136110306 - ubuntu_sso.credentials - INFO - find_credentials: self.app_name dbus.String(u'Ubuntu Software Center'), result is {}? True
2016-04-25 13:36:10,178:178.241968155 - ubuntu_sso.main - INFO - 'CredentialsManagement': emitting 'CredentialsNotFound' with args (dbus.String(u'Ubuntu Software Center'),) and kwargs {}
2016-04-25 13:36:20,188:188.028097153 - ubuntu_sso.main - INFO - Shutting down, calling <function shutdown_func at 0xb62d509c>.
2016-04-27 13:02:47,630:630.99193573 - ubuntu_sso.utils.translation - WARNING - Translations not found, using null translator.
2016-04-27 13:02:47,774:774.590015411 - ubuntu_sso.main - INFO - Setting up Ubuntu SSO service.
2016-04-27 13:02:47,888:888.082027435 - ubuntu_sso.main - INFO - Ubuntu SSO service started.
2016-04-27 13:02:47,888:888.310909271 - ubuntu_sso.account - INFO - Creating a new SSO access layer for service url u'https://login.ubuntu.com/api/1.0/'
2016-04-27 13:02:47,899:899.286031723 - ubuntu_sso.credentials - INFO - find_credentials: self.app_name dbus.String(u'Ubuntu Software Center'), result is {}? True
2016-04-27 13:02:47,899:899.574995041 - ubuntu_sso.main - INFO - 'CredentialsManagement': emitting 'CredentialsNotFound' with args (dbus.String(u'Ubuntu Software Center'),) and kwargs {}
2016-04-27 13:02:57,912:912.625074387 - ubuntu_sso.main - INFO - Shutting down, calling <function shutdown_func at 0xb636c09c>.
2016-04-27 13:07:48,397:397.660017014 - ubuntu_sso.utils.translation - WARNING - Translations not found, using null translator.
2016-04-27 13:07:48,408:408.82897377 - ubuntu_sso.main - INFO - Setting up Ubuntu SSO service.
2016-04-27 13:07:48,414:414.406061172 - ubuntu_sso.main - INFO - Ubuntu SSO service started.
2016-04-27 13:07:48,414:414.491891861 - ubuntu_sso.account - INFO - Creating a new SSO access layer for service url u'https://login.ubuntu.com/api/1.0/'
2016-04-27 13:07:48,418:418.163061142 - ubuntu_sso.credentials - INFO - find_credentials: self.app_name dbus.String(u'Ubuntu Software Center'), result is {}? True
2016-04-27 13:07:48,418:418.272972107 - ubuntu_sso.main - INFO - 'CredentialsManagement': emitting 'CredentialsNotFound' with args (dbus.String(u'Ubuntu Software Center'),) and kwargs {}
2016-04-27 13:07:58,428:428.734064102 - ubuntu_sso.main - INFO - Shutting down, calling <function shutdown_func at 0xb631609c>.
2016-05-09 20:30:20,386:386.018037796 - ubuntu_sso.utils.translation - WARNING - Translations not found, using null translator.
2016-05-09 20:30:20,576:576.91192627 - ubuntu_sso.main - INFO - Setting up Ubuntu SSO service.
2016-05-09 20:30:20,663:663.206100464 - ubuntu_sso.main - INFO - Ubuntu SSO service started.
2016-05-09 20:30:20,663:663.328886032 - ubuntu_sso.account - INFO - Creating a new SSO access layer for service url u'https://login.ubuntu.com/api/1.0/'
2016-05-09 20:30:20,677:677.73604393 - ubuntu_sso.credentials - INFO - find_credentials: self.app_name dbus.String(u'Ubuntu Software Center'), result is {}? True
2016-05-09 20:30:20,677:677.897930145 - ubuntu_sso.main - INFO - 'CredentialsManagement': emitting 'CredentialsNotFound' with args (dbus.String(u'Ubuntu Software Center'),) and kwargs {}
2016-05-09 20:30:30,691:691.456079483 - ubuntu_sso.main - INFO - Shutting down, calling <function shutdown_func at 0xb62f009c>.
2016-05-09 20:35:20,868:868.160963058 - ubuntu_sso.utils.translation - WARNING - Translations not found, using null translator.
2016-05-09 20:35:20,879:879.384040833 - ubuntu_sso.main - INFO - Setting up Ubuntu SSO service.
2016-05-09 20:35:20,885:885.25390625 - ubuntu_sso.main - INFO - Ubuntu SSO service started.
2016-05-09 20:35:20,885:885.358095169 - ubuntu_sso.account - INFO - Creating a new SSO access layer for service url u'https://login.ubuntu.com/api/1.0/'
2016-05-09 20:35:20,888:888.894081116 - ubuntu_sso.credentials - INFO - find_credentials: self.app_name dbus.String(u'Ubuntu Software Center'), result is {}? True
2016-05-09 20:35:20,889:889.044046402 - ubuntu_sso.main - INFO - 'CredentialsManagement': emitting 'CredentialsNotFound' with args (dbus.String(u'Ubuntu Software Center'),) and kwargs {}
2016-05-09 20:35:30,898:898.967027664 - ubuntu_sso.main - INFO - Shutting down, calling <function shutdown_func at 0xb632309c>.
2016-05-09 20:40:21,759:759.572982788 - ubuntu_sso.utils.translation - WARNING - Translations not found, using null translator.
2016-05-09 20:40:21,776:776.046991348 - ubuntu_sso.main - INFO - Setting up Ubuntu SSO service.
2016-05-09 20:40:21,782:782.305955887 - ubuntu_sso.main - INFO - Ubuntu SSO service started.
2016-05-09 20:40:21,782:782.40609169 - ubuntu_sso.account - INFO - Creating a new SSO access layer for service url u'https://login.ubuntu.com/api/1.0/'
2016-05-09 20:40:21,786:786.525011063 - ubuntu_sso.credentials - INFO - find_credentials: self.app_name dbus.String(u'Ubuntu Software Center'), result is {}? True
2016-05-09 20:40:21,786:786.673069 - ubuntu_sso.main - INFO - 'CredentialsManagement': emitting 'CredentialsNotFound' with args (dbus.String(u'Ubuntu Software Center'),) and kwargs {}
2016-05-09 20:40:31,797:797.01590538 - ubuntu_sso.main - INFO - Shutting down, calling <function shutdown_func at 0xb637b09c>.
2016-05-09 20:45:20,865:865.292072296 - ubuntu_sso.utils.translation - WARNING - Translations not found, using null translator.
2016-05-09 20:45:20,876:876.667022705 - ubuntu_sso.main - INFO - Setting up Ubuntu SSO service.
2016-05-09 20:45:20,882:882.67493248 - ubuntu_sso.main - INFO - Ubuntu SSO service started.
2016-05-09 20:45:20,882:882.767915726 - ubuntu_sso.account - INFO - Creating a new SSO access layer for service url u'https://login.ubuntu.com/api/1.0/'
2016-05-09 20:45:20,886:886.353969574 - ubuntu_sso.credentials - INFO - find_credentials: self.app_name dbus.String(u'Ubuntu Software Center'), result is {}? True
2016-05-09 20:45:20,886:886.461019516 - ubuntu_sso.main - INFO - 'CredentialsManagement': emitting 'CredentialsNotFound' with args (dbus.String(u'Ubuntu Software Center'),) and kwargs {}
2016-05-09 20:45:30,897:897.008895874 - ubuntu_sso.main - INFO - Shutting down, calling <function shutdown_func at 0xb635909c>.
2016-05-11 13:18:32,107:107.995986938 - ubuntu_sso.utils.translation - WARNING - Translations not found, using null translator.
2016-05-11 13:18:32,252:252.758026123 - ubuntu_sso.main - INFO - Setting up Ubuntu SSO service.
2016-05-11 13:18:32,329:329.613924026 - ubuntu_sso.main - INFO - Ubuntu SSO service started.
2016-05-11 13:18:32,329:329.772949219 - ubuntu_sso.account - INFO - Creating a new SSO access layer for service url u'https://login.ubuntu.com/api/1.0/'
2016-05-11 13:18:32,337:337.075948715 - ubuntu_sso.credentials - INFO - find_credentials: self.app_name dbus.String(u'Ubuntu Software Center'), result is {}? True
2016-05-11 13:18:32,337:337.236881256 - ubuntu_sso.main - INFO - 'CredentialsManagement': emitting 'CredentialsNotFound' with args (dbus.String(u'Ubuntu Software Center'),) and kwargs {}
2016-05-11 13:18:42,349:349.944114685 - ubuntu_sso.main - INFO - Shutting down, calling <function shutdown_func at 0xb62e0064>.
2016-05-11 13:23:32,934:934.896945953 - ubuntu_sso.utils.translation - WARNING - Translations not found, using null translator.
2016-05-11 13:23:32,946:946.64311409 - ubuntu_sso.main - INFO - Setting up Ubuntu SSO service.
2016-05-11 13:23:32,953:953.461885452 - ubuntu_sso.main - INFO - Ubuntu SSO service started.
2016-05-11 13:23:32,953:953.556060791 - ubuntu_sso.account - INFO - Creating a new SSO access layer for service url u'https://login.ubuntu.com/api/1.0/'
2016-05-11 13:23:32,957:957.73601532 - ubuntu_sso.credentials - INFO - find_credentials: self.app_name dbus.String(u'Ubuntu Software Center'), result is {}? True
2016-05-11 13:23:32,957:957.86190033 - ubuntu_sso.main - INFO - 'CredentialsManagement': emitting 'CredentialsNotFound' with args (dbus.String(u'Ubuntu Software Center'),) and kwargs {}
2016-05-11 13:23:42,967:967.894077301 - ubuntu_sso.main - INFO - Shutting down, calling <function shutdown_func at 0xb6371064>.
2016-05-12 20:15:26,878:878.072977066 - ubuntu_sso.utils.translation - WARNING - Translations not found, using null translator.
2016-05-12 20:15:27,024:24.5931148529 - ubuntu_sso.main - INFO - Setting up Ubuntu SSO service.
2016-05-12 20:15:27,097:97.846031189 - ubuntu_sso.main - INFO - Ubuntu SSO service started.
2016-05-12 20:15:27,097:97.9681015015 - ubuntu_sso.account - INFO - Creating a new SSO access layer for service url u'https://login.ubuntu.com/api/1.0/'
2016-05-12 20:15:27,103:103.523015976 - ubuntu_sso.credentials - INFO - find_credentials: self.app_name dbus.String(u'Ubuntu Software Center'), result is {}? True
2016-05-12 20:15:27,103:103.636980057 - ubuntu_sso.main - INFO - 'CredentialsManagement': emitting 'CredentialsNotFound' with args (dbus.String(u'Ubuntu Software Center'),) and kwargs {}
2016-05-12 20:15:37,116:116.203069687 - ubuntu_sso.main - INFO - Shutting down, calling <function shutdown_func at 0xb639109c>.
2016-05-12 20:20:27,570:570.094108582 - ubuntu_sso.utils.translation - WARNING - Translations not found, using null translator.
2016-05-12 20:20:27,581:581.842899323 - ubuntu_sso.main - INFO - Setting up Ubuntu SSO service.
2016-05-12 20:20:27,588:588.421106339 - ubuntu_sso.main - INFO - Ubuntu SSO service started.
2016-05-12 20:20:27,588:588.519096375 - ubuntu_sso.account - INFO - Creating a new SSO access layer for service url u'https://login.ubuntu.com/api/1.0/'
2016-05-12 20:20:27,592:592.366933823 - ubuntu_sso.credentials - INFO - find_credentials: self.app_name dbus.String(u'Ubuntu Software Center'), result is {}? True
2016-05-12 20:20:27,592:592.475891113 - ubuntu_sso.main - INFO - 'CredentialsManagement': emitting 'CredentialsNotFound' with args (dbus.String(u'Ubuntu Software Center'),) and kwargs {}
2016-05-12 20:20:37,602:602.312088013 - ubuntu_sso.main - INFO - Shutting down, calling <function shutdown_func at 0xb631b09c>.
2016-05-12 20:36:26,591:591.722011566 - ubuntu_sso.utils.translation - WARNING - Translations not found, using null translator.
2016-05-12 20:36:26,609:609.713077545 - ubuntu_sso.main - INFO - Setting up Ubuntu SSO service.
2016-05-12 20:36:26,621:621.97804451 - ubuntu_sso.main - INFO - Ubuntu SSO service started.
2016-05-12 20:36:26,622:622.085094452 - ubuntu_sso.account - INFO - Creating a new SSO access layer for service url u'https://login.ubuntu.com/api/1.0/'
2016-05-12 20:36:26,625:625.999927521 - ubuntu_sso.credentials - INFO - find_credentials: self.app_name dbus.String(u'Ubuntu Software Center'), result is {}? True
2016-05-12 20:36:26,626:626.107931137 - ubuntu_sso.main - INFO - 'CredentialsManagement': emitting 'CredentialsNotFound' with args (dbus.String(u'Ubuntu Software Center'),) and kwargs {}
2016-05-12 20:36:36,636:636.501073837 - ubuntu_sso.main - INFO - Shutting down, calling <function shutdown_func at 0xb632a10c>.
2016-05-12 20:41:26,539:539.36290741 - ubuntu_sso.utils.translation - WARNING - Translations not found, using null translator.
2016-05-12 20:41:26,550:550.951004028 - ubuntu_sso.main - INFO - Setting up Ubuntu SSO service.
2016-05-12 20:41:26,557:557.215929031 - ubuntu_sso.main - INFO - Ubuntu SSO service started.
2016-05-12 20:41:26,557:557.307958603 - ubuntu_sso.account - INFO - Creating a new SSO access layer for service url u'https://login.ubuntu.com/api/1.0/'
2016-05-12 20:41:26,560:560.879945755 - ubuntu_sso.credentials - INFO - find_credentials: self.app_name dbus.String(u'Ubuntu Software Center'), result is {}? True
2016-05-12 20:41:26,560:560.986995697 - ubuntu_sso.main - INFO - 'CredentialsManagement': emitting 'CredentialsNotFound' with args (dbus.String(u'Ubuntu Software Center'),) and kwargs {}
2016-05-12 20:41:36,570:570.295095444 - ubuntu_sso.main - INFO - Shutting down, calling <function shutdown_func at 0xb634710c>.
2016-05-13 07:54:26,582:582.020044327 - ubuntu_sso.utils.translation - WARNING - Translations not found, using null translator.
2016-05-13 07:54:26,633:633.049964905 - ubuntu_sso.main - INFO - Setting up Ubuntu SSO service.
2016-05-13 07:54:26,643:643.177032471 - ubuntu_sso.main - INFO - Ubuntu SSO service started.
2016-05-13 07:54:26,643:643.27788353 - ubuntu_sso.account - INFO - Creating a new SSO access layer for service url u'https://login.ubuntu.com/api/1.0/'
2016-05-13 07:54:26,648:648.447990417 - ubuntu_sso.credentials - INFO - find_credentials: self.app_name dbus.String(u'Ubuntu Software Center'), result is {}? True
2016-05-13 07:54:26,648:648.557901382 - ubuntu_sso.main - INFO - 'CredentialsManagement': emitting 'CredentialsNotFound' with args (dbus.String(u'Ubuntu Software Center'),) and kwargs {}
2016-05-13 07:54:36,659:659.379005432 - ubuntu_sso.main - INFO - Shutting down, calling <function shutdown_func at 0xb62c910c>.
2016-05-13 07:59:26,538:538.938999176 - ubuntu_sso.utils.translation - WARNING - Translations not found, using null translator.
2016-05-13 07:59:26,550:550.499916077 - ubuntu_sso.main - INFO - Setting up Ubuntu SSO service.
2016-05-13 07:59:26,556:556.684970856 - ubuntu_sso.main - INFO - Ubuntu SSO service started.
2016-05-13 07:59:26,556:556.773900986 - ubuntu_sso.account - INFO - Creating a new SSO access layer for service url u'https://login.ubuntu.com/api/1.0/'
2016-05-13 07:59:26,560:560.338973999 - ubuntu_sso.credentials - INFO - find_credentials: self.app_name dbus.String(u'Ubuntu Software Center'), result is {}? True
2016-05-13 07:59:26,560:560.446977615 - ubuntu_sso.main - INFO - 'CredentialsManagement': emitting 'CredentialsNotFound' with args (dbus.String(u'Ubuntu Software Center'),) and kwargs {}
2016-05-13 07:59:36,564:564.800024033 - ubuntu_sso.main - INFO - Shutting down, calling <function shutdown_func at 0xb638910c>.
2016-05-16 13:01:31,573:573.803901672 - ubuntu_sso.utils.translation - WARNING - Translations not found, using null translator.
2016-05-16 13:01:31,696:696.388959885 - ubuntu_sso.main - INFO - Setting up Ubuntu SSO service.
2016-05-16 13:01:31,784:784.044981003 - ubuntu_sso.main - INFO - Ubuntu SSO service started.
2016-05-16 13:01:31,784:784.275054932 - ubuntu_sso.account - INFO - Creating a new SSO access layer for service url u'https://login.ubuntu.com/api/1.0/'
2016-05-16 13:01:31,795:795.867919922 - ubuntu_sso.credentials - INFO - find_credentials: self.app_name dbus.String(u'Ubuntu Software Center'), result is {}? True
2016-05-16 13:01:31,796:796.174049377 - ubuntu_sso.main - INFO - 'CredentialsManagement': emitting 'CredentialsNotFound' with args (dbus.String(u'Ubuntu Software Center'),) and kwargs {}
2016-05-16 13:01:41,809:809.317111969 - ubuntu_sso.main - INFO - Shutting down, calling <function shutdown_func at 0xb62f810c>.
2016-05-16 13:06:32,345:345.935106277 - ubuntu_sso.utils.translation - WARNING - Translations not found, using null translator.
2016-05-16 13:06:32,358:358.170986176 - ubuntu_sso.main - INFO - Setting up Ubuntu SSO service.
2016-05-16 13:06:32,364:364.723920822 - ubuntu_sso.main - INFO - Ubuntu SSO service started.
2016-05-16 13:06:32,364:364.815950394 - ubuntu_sso.account - INFO - Creating a new SSO access layer for service url u'https://login.ubuntu.com/api/1.0/'
2016-05-16 13:06:32,368:368.345022202 - ubuntu_sso.credentials - INFO - find_credentials: self.app_name dbus.String(u'Ubuntu Software Center'), result is {}? True
2016-05-16 13:06:32,368:368.452072144 - ubuntu_sso.main - INFO - 'CredentialsManagement': emitting 'CredentialsNotFound' with args (dbus.String(u'Ubuntu Software Center'),) and kwargs {}
2016-05-16 13:06:42,377:377.252101898 - ubuntu_sso.main - INFO - Shutting down, calling <function shutdown_func at 0xb638810c>.
2016-05-16 13:28:31,379:379.220962524 - ubuntu_sso.utils.translation - WARNING - Translations not found, using null translator.
2016-05-16 13:28:31,391:391.289949417 - ubuntu_sso.main - INFO - Setting up Ubuntu SSO service.
2016-05-16 13:28:31,428:428.730010986 - ubuntu_sso.main - INFO - Ubuntu SSO service started.
2016-05-16 13:28:31,442:442.264080048 - ubuntu_sso.account - INFO - Creating a new SSO access layer for service url u'https://login.ubuntu.com/api/1.0/'
2016-05-16 13:28:31,446:446.206092834 - ubuntu_sso.credentials - INFO - find_credentials: self.app_name dbus.String(u'Ubuntu Software Center'), result is {}? True
2016-05-16 13:28:31,446:446.316957474 - ubuntu_sso.main - INFO - 'CredentialsManagement': emitting 'CredentialsNotFound' with args (dbus.String(u'Ubuntu Software Center'),) and kwargs {}
2016-05-16 13:28:41,453:453.254938126 - ubuntu_sso.main - INFO - Shutting down, calling <function shutdown_func at 0xb633f10c>.
2016-05-16 13:33:31,411:411.726951599 - ubuntu_sso.utils.translation - WARNING - Translations not found, using null translator.
2016-05-16 13:33:31,464:464.531898499 - ubuntu_sso.main - INFO - Setting up Ubuntu SSO service.
2016-05-16 13:33:31,476:476.769924164 - ubuntu_sso.main - INFO - Ubuntu SSO service started.
2016-05-16 13:33:31,476:476.890087128 - ubuntu_sso.account - INFO - Creating a new SSO access layer for service url u'https://login.ubuntu.com/api/1.0/'
2016-05-16 13:33:31,483:483.844995499 - ubuntu_sso.credentials - INFO - find_credentials: self.app_name dbus.String(u'Ubuntu Software Center'), result is {}? True
2016-05-16 13:33:31,483:483.961105347 - ubuntu_sso.main - INFO - 'CredentialsManagement': emitting 'CredentialsNotFound' with args (dbus.String(u'Ubuntu Software Center'),) and kwargs {}
2016-05-16 13:33:41,491:491.693973541 - ubuntu_sso.main - INFO - Shutting down, calling <function shutdown_func at 0xb632d10c>.
2016-05-16 13:38:31,423:423.615932465 - ubuntu_sso.utils.translation - WARNING - Translations not found, using null translator.
2016-05-16 13:38:31,442:442.720890045 - ubuntu_sso.main - INFO - Setting up Ubuntu SSO service.
2016-05-16 13:38:31,454:454.76102829 - ubuntu_sso.main - INFO - Ubuntu SSO service started.
2016-05-16 13:38:31,454:454.863071442 - ubuntu_sso.account - INFO - Creating a new SSO access layer for service url u'https://login.ubuntu.com/api/1.0/'
2016-05-16 13:38:31,462:462.537050247 - ubuntu_sso.credentials - INFO - find_credentials: self.app_name dbus.String(u'Ubuntu Software Center'), result is {}? True
2016-05-16 13:38:31,462:462.645053864 - ubuntu_sso.main - INFO - 'CredentialsManagement': emitting 'CredentialsNotFound' with args (dbus.String(u'Ubuntu Software Center'),) and kwargs {}
2016-05-16 13:38:41,471:471.13609314 - ubuntu_sso.main - INFO - Shutting down, calling <function shutdown_func at 0xb639610c>.
2016-05-16 13:43:31,353:353.521108627 - ubuntu_sso.utils.translation - WARNING - Translations not found, using null translator.
2016-05-16 13:43:31,364:364.856958389 - ubuntu_sso.main - INFO - Setting up Ubuntu SSO service.
2016-05-16 13:43:31,399:399.346113205 - ubuntu_sso.main - INFO - Ubuntu SSO service started.
2016-05-16 13:43:31,399:399.45602417 - ubuntu_sso.account - INFO - Creating a new SSO access layer for service url u'https://login.ubuntu.com/api/1.0/'
2016-05-16 13:43:31,410:410.11595726 - ubuntu_sso.credentials - INFO - find_credentials: self.app_name dbus.String(u'Ubuntu Software Center'), result is {}? True
2016-05-16 13:43:31,410:410.234928131 - ubuntu_sso.main - INFO - 'CredentialsManagement': emitting 'CredentialsNotFound' with args (dbus.String(u'Ubuntu Software Center'),) and kwargs {}
2016-05-16 13:43:41,420:420.561075211 - ubuntu_sso.main - INFO - Shutting down, calling <function shutdown_func at 0xb62db10c>.
2016-05-16 20:14:45,238:238.035917282 - ubuntu_sso.utils.translation - WARNING - Translations not found, using null translator.
2016-05-16 20:14:45,313:313.465118408 - ubuntu_sso.main - INFO - Setting up Ubuntu SSO service.
2016-05-16 20:14:45,409:409.2669487 - ubuntu_sso.main - INFO - Ubuntu SSO service started.
2016-05-16 20:14:45,409:409.511089325 - ubuntu_sso.account - INFO - Creating a new SSO access layer for service url u'https://login.ubuntu.com/api/1.0/'
2016-05-16 20:14:45,420:420.016050339 - ubuntu_sso.credentials - INFO - find_credentials: self.app_name dbus.String(u'Ubuntu Software Center'), result is {}? True
2016-05-16 20:14:45,420:420.309066772 - ubuntu_sso.main - INFO - 'CredentialsManagement': emitting 'CredentialsNotFound' with args (dbus.String(u'Ubuntu Software Center'),) and kwargs {}
2016-05-16 20:14:55,430:430.088043213 - ubuntu_sso.main - INFO - Shutting down, calling <function shutdown_func at 0xb63bd10c>.
2016-05-16 20:19:46,044:44.8930263519 - ubuntu_sso.utils.translation - WARNING - Translations not found, using null translator.
2016-05-16 20:19:46,056:56.440114975 - ubuntu_sso.main - INFO - Setting up Ubuntu SSO service.
2016-05-16 20:19:46,063:63.0118846893 - ubuntu_sso.main - INFO - Ubuntu SSO service started.
2016-05-16 20:19:46,063:63.1070137024 - ubuntu_sso.account - INFO - Creating a new SSO access layer for service url u'https://login.ubuntu.com/api/1.0/'
2016-05-16 20:19:46,066:66.7090415955 - ubuntu_sso.credentials - INFO - find_credentials: self.app_name dbus.String(u'Ubuntu Software Center'), result is {}? True
2016-05-16 20:19:46,066:66.8179988861 - ubuntu_sso.main - INFO - 'CredentialsManagement': emitting 'CredentialsNotFound' with args (dbus.String(u'Ubuntu Software Center'),) and kwargs {}
2016-05-16 20:19:56,077:77.2480964661 - ubuntu_sso.main - INFO - Shutting down, calling <function shutdown_func at 0xb636f10c>.
2016-05-16 20:24:46,032:32.8600406647 - ubuntu_sso.utils.translation - WARNING - Translations not found, using null translator.
2016-05-16 20:24:46,044:44.5458889008 - ubuntu_sso.main - INFO - Setting up Ubuntu SSO service.
2016-05-16 20:24:46,051:51.1319637299 - ubuntu_sso.main - INFO - Ubuntu SSO service started.
2016-05-16 20:24:46,051:51.3069629669 - ubuntu_sso.account - INFO - Creating a new SSO access layer for service url u'https://login.ubuntu.com/api/1.0/'
2016-05-16 20:24:46,055:55.1130771637 - ubuntu_sso.credentials - INFO - find_credentials: self.app_name dbus.String(u'Ubuntu Software Center'), result is {}? True
2016-05-16 20:24:46,055:55.2320480347 - ubuntu_sso.main - INFO - 'CredentialsManagement': emitting 'CredentialsNotFound' with args (dbus.String(u'Ubuntu Software Center'),) and kwargs {}
2016-05-16 20:24:56,065:65.7830238342 - ubuntu_sso.main - INFO - Shutting down, calling <function shutdown_func at 0xb63a110c>.
2016-05-17 10:53:25,449:449.667930603 - ubuntu_sso.utils.translation - WARNING - Translations not found, using null translator.
2016-05-17 10:53:25,611:611.829042435 - ubuntu_sso.main - INFO - Setting up Ubuntu SSO service.
2016-05-17 10:53:25,732:732.892036438 - ubuntu_sso.main - INFO - Ubuntu SSO service started.
2016-05-17 10:53:25,733:733.112096786 - ubuntu_sso.account - INFO - Creating a new SSO access layer for service url u'https://login.ubuntu.com/api/1.0/'
2016-05-17 10:53:25,741:741.118907928 - ubuntu_sso.credentials - INFO - find_credentials: self.app_name dbus.String(u'Ubuntu Software Center'), result is {}? True
2016-05-17 10:53:25,741:741.269111633 - ubuntu_sso.main - INFO - 'CredentialsManagement': emitting 'CredentialsNotFound' with args (dbus.String(u'Ubuntu Software Center'),) and kwargs {}
2016-05-17 10:53:35,753:753.585100174 - ubuntu_sso.main - INFO - Shutting down, calling <function shutdown_func at 0xb63c010c>.
2016-05-17 10:58:26,206:206.126928329 - ubuntu_sso.utils.translation - WARNING - Translations not found, using null translator.
2016-05-17 10:58:26,217:217.1459198 - ubuntu_sso.main - INFO - Setting up Ubuntu SSO service.
2016-05-17 10:58:26,223:223.440885544 - ubuntu_sso.main - INFO - Ubuntu SSO service started.
2016-05-17 10:58:26,223:223.541021347 - ubuntu_sso.account - INFO - Creating a new SSO access layer for service url u'https://login.ubuntu.com/api/1.0/'
2016-05-17 10:58:26,227:227.103948593 - ubuntu_sso.credentials - INFO - find_credentials: self.app_name dbus.String(u'Ubuntu Software Center'), result is {}? True
2016-05-17 10:58:26,227:227.209091187 - ubuntu_sso.main - INFO - 'CredentialsManagement': emitting 'CredentialsNotFound' with args (dbus.String(u'Ubuntu Software Center'),) and kwargs {}
2016-05-17 10:58:36,237:237.79296875 - ubuntu_sso.main - INFO - Shutting down, calling <function shutdown_func at 0xb635310c>.
